zxing/build/intermediates/manifest_merge_blame_file/release/manifest-merger-blame-release-report.txt
1<?xml version="1.0" encoding="utf-8"?>
2<!--
3 Copyright (C) 2008 ZXing authors
4
5 Licensed under the Apache License, Version 2.0 (the "License");
6 you may not use this file except in compliance with the License.
7 You may obtain a copy of the License at
8
9      http://www.apache.org/licenses/LICENSE-2.0
10
11 Unless required by applicable law or agreed to in writing, software
12 distributed under the License is distributed on an "AS IS" BASIS,
13 WITHOUT WARRANTIES OR CONDITIONS OF ANY KIND, either express or implied.
14 See the License for the specific language governing permissions and
15 limitations under the License.
16-->
17<manifest xmlns:android="http://schemas.android.com/apk/res/android"
18    package="com.google.zxing.client.android"
19    android:installLocation="auto"
20    android:versionCode="108"
21    android:versionName="4.7.8" >
22
23    <uses-sdk
24        android:minSdkVersion="23"
24-->src\main\AndroidManifest.xml
25        android:targetSdkVersion="29" />
25-->src\main\AndroidManifest.xml
26
27    <uses-permission android:name="android.permission.CAMERA" />
27-->src\main\AndroidManifest.xml:22:5-65
27-->src\main\AndroidManifest.xml:22:22-62
28    <uses-permission android:name="android.permission.INTERNET" />
28-->src\main\AndroidManifest.xml:23:5-67
28-->src\main\AndroidManifest.xml:23:22-64
29    <uses-permission android:name="android.permission.VIBRATE" />
29-->src\main\AndroidManifest.xml:24:5-66
29-->src\main\AndroidManifest.xml:24:22-63
30    <uses-permission android:name="android.permission.FLASHLIGHT" />
30-->src\main\AndroidManifest.xml:25:5-69
30-->src\main\AndroidManifest.xml:25:22-66
31    <uses-permission android:name="android.permission.READ_CONTACTS" />
31-->src\main\AndroidManifest.xml:26:5-72
31-->src\main\AndroidManifest.xml:26:22-69
32    <!-- unavailable in API 23 -->
33    <uses-permission android:name="com.android.browser.permission.READ_HISTORY_BOOKMARKS" />
33-->src\main\AndroidManifest.xml:28:5-93
33-->src\main\AndroidManifest.xml:28:22-90
34    <uses-permission android:name="android.permission.WRITE_EXTERNAL_STORAGE" />
34-->src\main\AndroidManifest.xml:29:5-81
34-->src\main\AndroidManifest.xml:29:22-78
35    <uses-permission android:name="android.permission.CHANGE_WIFI_STATE" />
35-->src\main\AndroidManifest.xml:30:5-76
35-->src\main\AndroidManifest.xml:30:22-73
36    <uses-permission android:name="android.permission.ACCESS_WIFI_STATE" />
36-->src\main\AndroidManifest.xml:31:5-76
36-->src\main\AndroidManifest.xml:31:22-73
37
38    <uses-feature android:name="android.hardware.camera.any" />
38-->src\main\AndroidManifest.xml:33:5-64
38-->src\main\AndroidManifest.xml:33:19-61
39    <uses-feature
39-->src\main\AndroidManifest.xml:34:5-36:36
40        android:name="android.hardware.camera.autofocus"
40-->src\main\AndroidManifest.xml:35:9-57
41        android:required="false" />
41-->src\main\AndroidManifest.xml:36:9-33
42    <uses-feature
42-->src\main\AndroidManifest.xml:37:5-39:36
43        android:name="android.hardware.camera.flash"
43-->src\main\AndroidManifest.xml:38:9-53
44        android:required="false" />
44-->src\main\AndroidManifest.xml:39:9-33
45    <uses-feature android:name="android.hardware.screen.landscape" />
45-->src\main\AndroidManifest.xml:40:5-70
45-->src\main\AndroidManifest.xml:40:19-67
46    <uses-feature
46-->src\main\AndroidManifest.xml:41:5-43:36
47        android:name="android.hardware.wifi"
47-->src\main\AndroidManifest.xml:42:9-45
48        android:required="false" />
48-->src\main\AndroidManifest.xml:43:9-33
49
50    <application
50-->src\main\AndroidManifest.xml:45:5-174:19
51        android:allowBackup="true"
51-->src\main\AndroidManifest.xml:46:9-35
52        android:label="@string/app_name"
52-->src\main\AndroidManifest.xml:47:9-41
53        android:logo="@drawable/launcher_icon" >
53-->src\main\AndroidManifest.xml:48:9-47
54        <activity
54-->src\main\AndroidManifest.xml:49:9-113:20
55            android:name="com.google.zxing.client.android.CaptureActivity"
55-->src\main\AndroidManifest.xml:50:13-44
56            android:clearTaskOnLaunch="true"
56-->src\main\AndroidManifest.xml:51:13-45
57            android:label=""
57-->src\main\AndroidManifest.xml:52:13-29
58            android:screenOrientation="portrait"
58-->src\main\AndroidManifest.xml:53:13-49
59            android:stateNotNeeded="true"
59-->src\main\AndroidManifest.xml:54:13-42
60            android:theme="@style/CaptureTheme"
60-->src\main\AndroidManifest.xml:55:13-48
61            android:windowSoftInputMode="stateAlwaysHidden" >
61-->src\main\AndroidManifest.xml:56:13-60
62
63            <!-- <intent-filter> -->
64            <!-- <action android:name="android.intent.action.MAIN"/> -->
65            <!-- <category android:name="android.intent.category.LAUNCHER"/> -->
66            <!-- </intent-filter> -->
67            <intent-filter>
67-->src\main\AndroidManifest.xml:61:13-64:29
68                <action android:name="com.google.zxing.client.android.SCAN" />
68-->src\main\AndroidManifest.xml:62:17-79
68-->src\main\AndroidManifest.xml:62:25-76
69
70                <category android:name="android.intent.category.DEFAULT" />
70-->src\main\AndroidManifest.xml:63:17-76
70-->src\main\AndroidManifest.xml:63:27-73
71            </intent-filter>
72            <!-- Allow web apps to launch Barcode Scanner by linking to http://zxing.appspot.com/scan. -->
73            <intent-filter>
73-->src\main\AndroidManifest.xml:66:13-76:29
74                <action android:name="android.intent.action.VIEW" />
74-->src\main\AndroidManifest.xml:67:17-69
74-->src\main\AndroidManifest.xml:67:25-66
75
76                <category android:name="android.intent.category.DEFAULT" />
76-->src\main\AndroidManifest.xml:63:17-76
76-->src\main\AndroidManifest.xml:63:27-73
77                <category android:name="android.intent.category.BROWSABLE" />
77-->src\main\AndroidManifest.xml:70:17-78
77-->src\main\AndroidManifest.xml:70:27-75
78
79                <data
79-->src\main\AndroidManifest.xml:72:17-75:45
80                    android:host="zxing.appspot.com"
80-->src\main\AndroidManifest.xml:73:21-53
81                    android:path="/scan"
81-->src\main\AndroidManifest.xml:74:21-41
82                    android:scheme="http" />
82-->src\main\AndroidManifest.xml:75:21-42
83            </intent-filter>
84            <!-- We also support a Google Product Search URL. -->
85            <intent-filter>
85-->src\main\AndroidManifest.xml:78:13-88:29
86                <action android:name="android.intent.action.VIEW" />
86-->src\main\AndroidManifest.xml:67:17-69
86-->src\main\AndroidManifest.xml:67:25-66
87
88                <category android:name="android.intent.category.DEFAULT" />
88-->src\main\AndroidManifest.xml:63:17-76
88-->src\main\AndroidManifest.xml:63:27-73
89                <category android:name="android.intent.category.BROWSABLE" />
89-->src\main\AndroidManifest.xml:70:17-78
89-->src\main\AndroidManifest.xml:70:27-75
90
91                <data
91-->src\main\AndroidManifest.xml:72:17-75:45
92                    android:host="www.google.com"
92-->src\main\AndroidManifest.xml:73:21-53
93                    android:path="/m/products/scan"
93-->src\main\AndroidManifest.xml:74:21-41
94                    android:scheme="http" />
94-->src\main\AndroidManifest.xml:75:21-42
95            </intent-filter>
96            <!-- And the UK version. -->
97            <intent-filter>
97-->src\main\AndroidManifest.xml:90:13-100:29
98                <action android:name="android.intent.action.VIEW" />
98-->src\main\AndroidManifest.xml:67:17-69
98-->src\main\AndroidManifest.xml:67:25-66
99
100                <category android:name="android.intent.category.DEFAULT" />
100-->src\main\AndroidManifest.xml:63:17-76
100-->src\main\AndroidManifest.xml:63:27-73
101                <category android:name="android.intent.category.BROWSABLE" />
101-->src\main\AndroidManifest.xml:70:17-78
101-->src\main\AndroidManifest.xml:70:27-75
102
103                <data
103-->src\main\AndroidManifest.xml:72:17-75:45
104                    android:host="www.google.co.uk"
104-->src\main\AndroidManifest.xml:73:21-53
105                    android:path="/m/products/scan"
105-->src\main\AndroidManifest.xml:74:21-41
106                    android:scheme="http" />
106-->src\main\AndroidManifest.xml:75:21-42
107            </intent-filter>
108            <!-- Support zxing://scan/?... like iPhone app -->
109            <intent-filter>
109-->src\main\AndroidManifest.xml:102:13-112:29
110                <action android:name="android.intent.action.VIEW" />
110-->src\main\AndroidManifest.xml:67:17-69
110-->src\main\AndroidManifest.xml:67:25-66
111
112                <category android:name="android.intent.category.DEFAULT" />
112-->src\main\AndroidManifest.xml:63:17-76
112-->src\main\AndroidManifest.xml:63:27-73
113                <category android:name="android.intent.category.BROWSABLE" />
113-->src\main\AndroidManifest.xml:70:17-78
113-->src\main\AndroidManifest.xml:70:27-75
114
115                <data
115-->src\main\AndroidManifest.xml:72:17-75:45
116                    android:host="scan"
116-->src\main\AndroidManifest.xml:73:21-53
117                    android:path="/"
117-->src\main\AndroidManifest.xml:74:21-41
118                    android:scheme="zxing" />
118-->src\main\AndroidManifest.xml:75:21-42
119            </intent-filter>
120        </activity>
121        <activity
121-->src\main\AndroidManifest.xml:114:9-117:45
122            android:name="com.google.zxing.client.android.PreferencesActivity"
122-->src\main\AndroidManifest.xml:115:13-48
123            android:label="@string/preferences_name"
123-->src\main\AndroidManifest.xml:116:13-53
124            android:stateNotNeeded="true" />
124-->src\main\AndroidManifest.xml:117:13-42
125        <activity
125-->src\main\AndroidManifest.xml:118:9-137:20
126            android:name="com.google.zxing.client.android.encode.EncodeActivity"
126-->src\main\AndroidManifest.xml:119:13-50
127            android:stateNotNeeded="true" >
127-->src\main\AndroidManifest.xml:120:13-42
128            <intent-filter>
128-->src\main\AndroidManifest.xml:121:13-124:29
129                <action android:name="com.google.zxing.client.android.ENCODE" />
129-->src\main\AndroidManifest.xml:122:17-81
129-->src\main\AndroidManifest.xml:122:25-78
130
131                <category android:name="android.intent.category.DEFAULT" />
131-->src\main\AndroidManifest.xml:63:17-76
131-->src\main\AndroidManifest.xml:63:27-73
132            </intent-filter>
133            <!-- This allows us to handle the Share button in Contacts. -->
134            <intent-filter>
134-->src\main\AndroidManifest.xml:126:13-130:29
135                <action android:name="android.intent.action.SEND" />
135-->src\main\AndroidManifest.xml:127:17-69
135-->src\main\AndroidManifest.xml:127:25-66
136
137                <category android:name="android.intent.category.DEFAULT" />
137-->src\main\AndroidManifest.xml:63:17-76
137-->src\main\AndroidManifest.xml:63:27-73
138
139                <data android:mimeType="text/x-vcard" />
139-->src\main\AndroidManifest.xml:72:17-75:45
139-->src\main\AndroidManifest.xml:129:23-54
140            </intent-filter>
141            <!-- This allows us to handle sharing any plain text . -->
142            <intent-filter>
142-->src\main\AndroidManifest.xml:132:13-136:29
143                <action android:name="android.intent.action.SEND" />
143-->src\main\AndroidManifest.xml:127:17-69
143-->src\main\AndroidManifest.xml:127:25-66
144
145                <category android:name="android.intent.category.DEFAULT" />
145-->src\main\AndroidManifest.xml:63:17-76
145-->src\main\AndroidManifest.xml:63:27-73
146
147                <data android:mimeType="text/plain" />
147-->src\main\AndroidManifest.xml:72:17-75:45
147-->src\main\AndroidManifest.xml:129:23-54
148            </intent-filter>
149        </activity>
150        <activity
150-->src\main\AndroidManifest.xml:138:9-147:20
151            android:name="com.google.zxing.client.android.book.SearchBookContentsActivity"
151-->src\main\AndroidManifest.xml:139:13-60
152            android:label="@string/sbc_name"
152-->src\main\AndroidManifest.xml:140:13-45
153            android:screenOrientation="sensorLandscape"
153-->src\main\AndroidManifest.xml:141:13-56
154            android:stateNotNeeded="true" >
154-->src\main\AndroidManifest.xml:142:13-42
155            <intent-filter>
155-->src\main\AndroidManifest.xml:143:13-146:29
156                <action android:name="com.google.zxing.client.android.SEARCH_BOOK_CONTENTS" />
156-->src\main\AndroidManifest.xml:144:17-95
156-->src\main\AndroidManifest.xml:144:25-92
157
158                <category android:name="android.intent.category.DEFAULT" />
158-->src\main\AndroidManifest.xml:63:17-76
158-->src\main\AndroidManifest.xml:63:27-73
159            </intent-filter>
160        </activity>
161        <activity
161-->src\main\AndroidManifest.xml:148:9-156:20
162            android:name="com.google.zxing.client.android.share.ShareActivity"
162-->src\main\AndroidManifest.xml:149:13-48
163            android:screenOrientation="user"
163-->src\main\AndroidManifest.xml:150:13-45
164            android:stateNotNeeded="true" >
164-->src\main\AndroidManifest.xml:151:13-42
165            <intent-filter>
165-->src\main\AndroidManifest.xml:152:13-155:29
166                <action android:name="com.google.zxing.client.android.SHARE" />
166-->src\main\AndroidManifest.xml:153:17-80
166-->src\main\AndroidManifest.xml:153:25-77
167
168                <category android:name="android.intent.category.DEFAULT" />
168-->src\main\AndroidManifest.xml:63:17-76
168-->src\main\AndroidManifest.xml:63:27-73
169            </intent-filter>
170        </activity>
171        <activity
171-->src\main\AndroidManifest.xml:157:9-160:45
172            android:name="com.google.zxing.client.android.history.HistoryActivity"
172-->src\main\AndroidManifest.xml:158:13-52
173            android:label="@string/history_title"
173-->src\main\AndroidManifest.xml:159:13-50
174            android:stateNotNeeded="true" />
174-->src\main\AndroidManifest.xml:160:13-42
175        <activity
175-->src\main\AndroidManifest.xml:161:9-164:45
176            android:name="com.google.zxing.client.android.share.BookmarkPickerActivity"
176-->src\main\AndroidManifest.xml:162:13-57
177            android:label="@string/bookmark_picker_name"
177-->src\main\AndroidManifest.xml:163:13-57
178            android:stateNotNeeded="true" />
178-->src\main\AndroidManifest.xml:164:13-42
179        <activity
179-->src\main\AndroidManifest.xml:165:9-168:45
180            android:name="com.google.zxing.client.android.share.AppPickerActivity"
180-->src\main\AndroidManifest.xml:166:13-52
181            android:label="@string/app_picker_name"
181-->src\main\AndroidManifest.xml:167:13-52
182            android:stateNotNeeded="true" />
182-->src\main\AndroidManifest.xml:168:13-42
183        <activity
183-->src\main\AndroidManifest.xml:169:9-173:45
184            android:name="com.google.zxing.client.android.HelpActivity"
184-->src\main\AndroidManifest.xml:170:13-41
185            android:label="@string/menu_help"
185-->src\main\AndroidManifest.xml:171:13-46
186            android:screenOrientation="user"
186-->src\main\AndroidManifest.xml:172:13-45
187            android:stateNotNeeded="true" />
187-->src\main\AndroidManifest.xml:173:13-42
188    </application>
189
190</manifest>